<?xml version="1.0" encoding="UTF-8"?>
<testng-results skipped="0" failed="0" total="7" passed="7">
  <reporter-output>
  </reporter-output>
  <suite name="Default suite" duration-ms="32506" started-at="2015-01-15T03:31:11Z" finished-at="2015-01-15T03:31:43Z">
    <groups>
    </groups>
    <test name="Default test" duration-ms="32506" started-at="2015-01-15T03:31:11Z" finished-at="2015-01-15T03:31:43Z">
      <class name="org.sapia.corus.ftest.rest.PropertiesResourcesFuncTest">
        <test-method status="PASS" signature="beforeSuite()[pri:0, instance:org.sapia.corus.ftest.rest.PropertiesResourcesFuncTest@5c986d35]" name="beforeSuite" is-config="true" duration-ms="654" started-at="2015-01-14T19:31:10Z" finished-at="2015-01-14T19:31:11Z">
          <reporter-output>
          </reporter-output>
        </test-method> <!-- beforeSuite -->
        <test-method status="PASS" signature="beforeMethod()[pri:0, instance:org.sapia.corus.ftest.rest.PropertiesResourcesFuncTest@5c986d35]" name="beforeMethod" is-config="true" duration-ms="18" started-at="2015-01-14T19:31:11Z" finished-at="2015-01-14T19:31:11Z">
          <reporter-output>
          </reporter-output>
        </test-method> <!-- beforeMethod -->
        <test-method status="PASS" signature="testAddProperties_category_clustered()[pri:0, instance:org.sapia.corus.ftest.rest.PropertiesResourcesFuncTest@5c986d35]" name="testAddProperties_category_clustered" duration-ms="380" started-at="2015-01-14T19:31:11Z" finished-at="2015-01-14T19:31:11Z">
          <reporter-output>
          </reporter-output>
        </test-method> <!-- testAddProperties_category_clustered -->
        <test-method status="PASS" signature="beforeMethod()[pri:0, instance:org.sapia.corus.ftest.rest.PropertiesResourcesFuncTest@5c986d35]" name="beforeMethod" is-config="true" duration-ms="18" started-at="2015-01-14T19:31:11Z" finished-at="2015-01-14T19:31:11Z">
          <reporter-output>
          </reporter-output>
        </test-method> <!-- beforeMethod -->
        <test-method status="PASS" signature="testAddProperties_category_specific_host()[pri:0, instance:org.sapia.corus.ftest.rest.PropertiesResourcesFuncTest@5c986d35]" name="testAddProperties_category_specific_host" duration-ms="12383" started-at="2015-01-14T19:31:11Z" finished-at="2015-01-14T19:31:24Z">
          <reporter-output>
          </reporter-output>
        </test-method> <!-- testAddProperties_category_specific_host -->
        <test-method status="PASS" signature="beforeMethod()[pri:0, instance:org.sapia.corus.ftest.rest.PropertiesResourcesFuncTest@5c986d35]" name="beforeMethod" is-config="true" duration-ms="20" started-at="2015-01-14T19:31:24Z" finished-at="2015-01-14T19:31:24Z">
          <reporter-output>
          </reporter-output>
        </test-method> <!-- beforeMethod -->
        <test-method status="PASS" signature="testAddProperties_clustered()[pri:0, instance:org.sapia.corus.ftest.rest.PropertiesResourcesFuncTest@5c986d35]" name="testAddProperties_clustered" duration-ms="19" started-at="2015-01-14T19:31:24Z" finished-at="2015-01-14T19:31:24Z">
          <reporter-output>
          </reporter-output>
        </test-method> <!-- testAddProperties_clustered -->
        <test-method status="PASS" signature="beforeMethod()[pri:0, instance:org.sapia.corus.ftest.rest.PropertiesResourcesFuncTest@5c986d35]" name="beforeMethod" is-config="true" duration-ms="17" started-at="2015-01-14T19:31:24Z" finished-at="2015-01-14T19:31:24Z">
          <reporter-output>
          </reporter-output>
        </test-method> <!-- beforeMethod -->
        <test-method status="PASS" signature="testAddProperties_specific_host()[pri:0, instance:org.sapia.corus.ftest.rest.PropertiesResourcesFuncTest@5c986d35]" name="testAddProperties_specific_host" duration-ms="10573" started-at="2015-01-14T19:31:24Z" finished-at="2015-01-14T19:31:34Z">
          <reporter-output>
          </reporter-output>
        </test-method> <!-- testAddProperties_specific_host -->
        <test-method status="PASS" signature="beforeMethod()[pri:0, instance:org.sapia.corus.ftest.rest.PropertiesResourcesFuncTest@5c986d35]" name="beforeMethod" is-config="true" duration-ms="23" started-at="2015-01-14T19:31:34Z" finished-at="2015-01-14T19:31:34Z">
          <reporter-output>
          </reporter-output>
        </test-method> <!-- beforeMethod -->
        <test-method status="PASS" signature="testDeleteProperties_category_clustered()[pri:0, instance:org.sapia.corus.ftest.rest.PropertiesResourcesFuncTest@5c986d35]" name="testDeleteProperties_category_clustered" duration-ms="3770" started-at="2015-01-14T19:31:34Z" finished-at="2015-01-14T19:31:38Z">
          <reporter-output>
          </reporter-output>
        </test-method> <!-- testDeleteProperties_category_clustered -->
        <test-method status="PASS" signature="beforeMethod()[pri:0, instance:org.sapia.corus.ftest.rest.PropertiesResourcesFuncTest@5c986d35]" name="beforeMethod" is-config="true" duration-ms="8" started-at="2015-01-14T19:31:38Z" finished-at="2015-01-14T19:31:38Z">
          <reporter-output>
          </reporter-output>
        </test-method> <!-- beforeMethod -->
        <test-method status="PASS" signature="testDeleteProperties_category_specific_host()[pri:0, instance:org.sapia.corus.ftest.rest.PropertiesResourcesFuncTest@5c986d35]" name="testDeleteProperties_category_specific_host" duration-ms="4405" started-at="2015-01-14T19:31:38Z" finished-at="2015-01-14T19:31:42Z">
          <reporter-output>
          </reporter-output>
        </test-method> <!-- testDeleteProperties_category_specific_host -->
        <test-method status="PASS" signature="beforeMethod()[pri:0, instance:org.sapia.corus.ftest.rest.PropertiesResourcesFuncTest@5c986d35]" name="beforeMethod" is-config="true" duration-ms="8" started-at="2015-01-14T19:31:42Z" finished-at="2015-01-14T19:31:42Z">
          <reporter-output>
          </reporter-output>
        </test-method> <!-- beforeMethod -->
        <test-method status="PASS" signature="testDeleteProperties_clustered()[pri:0, instance:org.sapia.corus.ftest.rest.PropertiesResourcesFuncTest@5c986d35]" name="testDeleteProperties_clustered" duration-ms="854" started-at="2015-01-14T19:31:42Z" finished-at="2015-01-14T19:31:43Z">
          <reporter-output>
          </reporter-output>
        </test-method> <!-- testDeleteProperties_clustered -->
        <test-method status="PASS" signature="afterSuite()[pri:0, instance:org.sapia.corus.ftest.rest.PropertiesResourcesFuncTest@5c986d35]" name="afterSuite" is-config="true" duration-ms="12" started-at="2015-01-14T19:31:43Z" finished-at="2015-01-14T19:31:43Z">
          <reporter-output>
          </reporter-output>
        </test-method> <!-- afterSuite -->
      </class> <!-- org.sapia.corus.ftest.rest.PropertiesResourcesFuncTest -->
    </test> <!-- Default test -->
  </suite> <!-- Default suite -->
</testng-results>
