<?xml version="1.0" encoding="UTF-8"?>
<!-- Generated by org.testng.reporters.JUnitXMLReporter -->
<testsuite name="Default test" tests="12" failures="0" timestamp="10 Jan 2015 06:06:43 GMT" time="424.078" errors="0">
  <testcase name="testClean_clustered" time="0.359" classname="org.sapia.corus.ftest.rest.ProcessResourcesFuncTest"/>
  <testcase name="testClean_specific_host" time="0.003" classname="org.sapia.corus.ftest.rest.ProcessResourcesFuncTest"/>
  <testcase name="testExec_clustered" time="6.054" classname="org.sapia.corus.ftest.rest.ProcessResourcesFuncTest"/>
  <testcase name="testExec_specific_host" time="6.059" classname="org.sapia.corus.ftest.rest.ProcessResourcesFuncTest"/>
  <testcase name="testKill_clustered" time="27.155" classname="org.sapia.corus.ftest.rest.ProcessResourcesFuncTest"/>
  <testcase name="testKill_specific_host" time="27.159" classname="org.sapia.corus.ftest.rest.ProcessResourcesFuncTest"/>
  <testcase name="testRestart_clustered" time="30.185" classname="org.sapia.corus.ftest.rest.ProcessResourcesFuncTest"/>
  <testcase name="testRestart_specific_host" time="30.164" classname="org.sapia.corus.ftest.rest.ProcessResourcesFuncTest"/>
  <testcase name="testRestart_specific_host_and_process" time="30.155" classname="org.sapia.corus.ftest.rest.ProcessResourcesFuncTest"/>
  <testcase name="testSuspendResume_clustered" time="36.22" classname="org.sapia.corus.ftest.rest.ProcessResourcesFuncTest"/>
  <testcase name="testSuspendResume_specific_host" time="33.209" classname="org.sapia.corus.ftest.rest.ProcessResourcesFuncTest"/>
  <testcase name="testSuspendResume_specific_host_and_process" time="36.23" classname="org.sapia.corus.ftest.rest.ProcessResourcesFuncTest"/>
</testsuite> <!-- Default test -->
