<?xml version="1.0" encoding="UTF-8"?>
<!-- Generated by org.testng.reporters.JUnitXMLReporter -->
<testsuite hostname="BELC02LL1MBFD58.sea.corp.expecn.com" name="Default test" tests="7" failures="0" timestamp="15 Jan 2015 03:31:43 GMT" time="32.506" errors="0">
  <testcase name="testAddProperties_category_clustered" time="0.38" classname="org.sapia.corus.ftest.rest.PropertiesResourcesFuncTest"/>
  <testcase name="testAddProperties_category_specific_host" time="12.383" classname="org.sapia.corus.ftest.rest.PropertiesResourcesFuncTest"/>
  <testcase name="testAddProperties_clustered" time="0.019" classname="org.sapia.corus.ftest.rest.PropertiesResourcesFuncTest"/>
  <testcase name="testAddProperties_specific_host" time="10.573" classname="org.sapia.corus.ftest.rest.PropertiesResourcesFuncTest"/>
  <testcase name="testDeleteProperties_category_clustered" time="3.77" classname="org.sapia.corus.ftest.rest.PropertiesResourcesFuncTest"/>
  <testcase name="testDeleteProperties_category_specific_host" time="4.405" classname="org.sapia.corus.ftest.rest.PropertiesResourcesFuncTest"/>
  <testcase name="testDeleteProperties_clustered" time="0.854" classname="org.sapia.corus.ftest.rest.PropertiesResourcesFuncTest"/>
</testsuite> <!-- Default test -->
